This is pdfTeX, Version 3.141592653-2.6-1.40.23 (TeX Live 2021) (preloaded format=pdflatex 2021.8.23)  24 AUG 2021 12:21
entering extended mode
 restricted \write18 enabled.
 %&-line parsing enabled.
**handleiding-rstudio.tex
(./handleiding-rstudio.tex
LaTeX2e <2021-06-01> patch level 1
L3 programming layer <2021-07-12>
(/data/home/innovauth/jeller@vliz.be/.TinyTeX/texmf-dist/tex/latex/base/article
.cls
Document Class: article 2021/02/12 v1.4n Standard LaTeX document class

(/data/home/innovauth/jeller@vliz.be/.TinyTeX/texmf-dist/tex/latex/base/size10.
clo
File: size10.clo 2021/02/12 v1.4n Standard LaTeX file (size option)
)
\c@part=\count182
\c@section=\count183
\c@subsection=\count184
\c@subsubsection=\count185
\c@paragraph=\count186
\c@subparagraph=\count187
\c@figure=\count188
\c@table=\count189
\abovecaptionskip=\skip47
\belowcaptionskip=\skip48
\bibindent=\dimen138
)
(/data/home/innovauth/jeller@vliz.be/.TinyTeX/texmf-dist/tex/latex/lm/lmodern.s
ty
Package: lmodern 2015/05/01 v1.6.1 Latin Modern Fonts
LaTeX Font Info:    Overwriting symbol font `operators' in version `normal'
(Font)                  OT1/cmr/m/n --> OT1/lmr/m/n on input line 22.
LaTeX Font Info:    Overwriting symbol font `letters' in version `normal'
(Font)                  OML/cmm/m/it --> OML/lmm/m/it on input line 23.
LaTeX Font Info:    Overwriting symbol font `symbols' in version `normal'
(Font)                  OMS/cmsy/m/n --> OMS/lmsy/m/n on input line 24.
LaTeX Font Info:    Overwriting symbol font `largesymbols' in version `normal'
(Font)                  OMX/cmex/m/n --> OMX/lmex/m/n on input line 25.
LaTeX Font Info:    Overwriting symbol font `operators' in version `bold'
(Font)                  OT1/cmr/bx/n --> OT1/lmr/bx/n on input line 26.
LaTeX Font Info:    Overwriting symbol font `letters' in version `bold'
(Font)                  OML/cmm/b/it --> OML/lmm/b/it on input line 27.
LaTeX Font Info:    Overwriting symbol font `symbols' in version `bold'
(Font)                  OMS/cmsy/b/n --> OMS/lmsy/b/n on input line 28.
LaTeX Font Info:    Overwriting symbol font `largesymbols' in version `bold'
(Font)                  OMX/cmex/m/n --> OMX/lmex/m/n on input line 29.
LaTeX Font Info:    Overwriting math alphabet `\mathbf' in version `normal'
(Font)                  OT1/cmr/bx/n --> OT1/lmr/bx/n on input line 31.
LaTeX Font Info:    Overwriting math alphabet `\mathsf' in version `normal'
(Font)                  OT1/cmss/m/n --> OT1/lmss/m/n on input line 32.
LaTeX Font Info:    Overwriting math alphabet `\mathit' in version `normal'
(Font)                  OT1/cmr/m/it --> OT1/lmr/m/it on input line 33.
LaTeX Font Info:    Overwriting math alphabet `\mathtt' in version `normal'
(Font)                  OT1/cmtt/m/n --> OT1/lmtt/m/n on input line 34.
LaTeX Font Info:    Overwriting math alphabet `\mathbf' in version `bold'
(Font)                  OT1/cmr/bx/n --> OT1/lmr/bx/n on input line 35.
LaTeX Font Info:    Overwriting math alphabet `\mathsf' in version `bold'
(Font)                  OT1/cmss/bx/n --> OT1/lmss/bx/n on input line 36.
LaTeX Font Info:    Overwriting math alphabet `\mathit' in version `bold'
(Font)                  OT1/cmr/bx/it --> OT1/lmr/bx/it on input line 37.
LaTeX Font Info:    Overwriting math alphabet `\mathtt' in version `bold'
(Font)                  OT1/cmtt/m/n --> OT1/lmtt/m/n on input line 38.
)
(/data/home/innovauth/jeller@vliz.be/.TinyTeX/texmf-dist/tex/latex/amsfonts/ams
symb.sty
Package: amssymb 2013/01/14 v3.01 AMS font symbols

(/data/home/innovauth/jeller@vliz.be/.TinyTeX/texmf-dist/tex/latex/amsfonts/ams
fonts.sty
Package: amsfonts 2013/01/14 v3.01 Basic AMSFonts support
\@emptytoks=\toks16
\symAMSa=\mathgroup4
\symAMSb=\mathgroup5
LaTeX Font Info:    Redeclaring math symbol \hbar on input line 98.
LaTeX Font Info:    Overwriting math alphabet `\mathfrak' in version `bold'
(Font)                  U/euf/m/n --> U/euf/b/n on input line 106.
))
(/data/home/innovauth/jeller@vliz.be/.TinyTeX/texmf-dist/tex/latex/amsmath/amsm
ath.sty
Package: amsmath 2021/04/20 v2.17j AMS math features
\@mathmargin=\skip49
For additional information on amsmath, use the `?' option.

(/data/home/innovauth/jeller@vliz.be/.TinyTeX/texmf-dist/tex/latex/amsmath/amst
ext.sty
Package: amstext 2000/06/29 v2.01 AMS text

(/data/home/innovauth/jeller@vliz.be/.TinyTeX/texmf-dist/tex/latex/amsmath/amsg
en.sty
File: amsgen.sty 1999/11/30 v2.0 generic functions
\@emptytoks=\toks17
\ex@=\dimen139
))
(/data/home/innovauth/jeller@vliz.be/.TinyTeX/texmf-dist/tex/latex/amsmath/amsb
sy.sty
Package: amsbsy 1999/11/29 v1.2d Bold Symbols
\pmbraise@=\dimen140
)
(/data/home/innovauth/jeller@vliz.be/.TinyTeX/texmf-dist/tex/latex/amsmath/amso
pn.sty
Package: amsopn 2016/03/08 v2.02 operator names
)
\inf@bad=\count190
LaTeX Info: Redefining \frac on input line 234.
\uproot@=\count191
\leftroot@=\count192
LaTeX Info: Redefining \overline on input line 399.
\classnum@=\count193
\DOTSCASE@=\count194
LaTeX Info: Redefining \ldots on input line 496.
LaTeX Info: Redefining \dots on input line 499.
LaTeX Info: Redefining \cdots on input line 620.
\Mathstrutbox@=\box50
\strutbox@=\box51
\big@size=\dimen141
LaTeX Font Info:    Redeclaring font encoding OML on input line 743.
LaTeX Font Info:    Redeclaring font encoding OMS on input line 744.
\macc@depth=\count195
\c@MaxMatrixCols=\count196
\dotsspace@=\muskip16
\c@parentequation=\count197
\dspbrk@lvl=\count198
\tag@help=\toks18
\row@=\count199
\column@=\count266
\maxfields@=\count267
\andhelp@=\toks19
\eqnshift@=\dimen142
\alignsep@=\dimen143
\tagshift@=\dimen144
\tagwidth@=\dimen145
\totwidth@=\dimen146
\lineht@=\dimen147
\@envbody=\toks20
\multlinegap=\skip50
\multlinetaggap=\skip51
\mathdisplay@stack=\toks21
LaTeX Info: Redefining \[ on input line 2923.
LaTeX Info: Redefining \] on input line 2924.
)
(/data/home/innovauth/jeller@vliz.be/.TinyTeX/texmf-dist/tex/generic/iftex/ifxe
tex.sty
Package: ifxetex 2019/10/25 v0.7 ifxetex legacy package. Use iftex instead.

(/data/home/innovauth/jeller@vliz.be/.TinyTeX/texmf-dist/tex/generic/iftex/ifte
x.sty
Package: iftex 2020/03/06 v1.0d TeX engine tests
))
(/data/home/innovauth/jeller@vliz.be/.TinyTeX/texmf-dist/tex/generic/iftex/iflu
atex.sty
Package: ifluatex 2019/10/25 v1.5 ifluatex legacy package. Use iftex instead.
)
(/data/home/innovauth/jeller@vliz.be/.TinyTeX/texmf-dist/tex/latex/base/fixltx2
e.sty
Package: fixltx2e 2016/12/29 v2.1a fixes to LaTeX (obsolete)
Applying: [2015/01/01] Old fixltx2e package on input line 46.

Package fixltx2e Warning: fixltx2e is not required with releases after 2015
(fixltx2e)                All fixes are now in the LaTeX kernel.
(fixltx2e)                See the latexrelease package for details.

Already applied: [0000/00/00] Old fixltx2e package on input line 53.
)
(/data/home/innovauth/jeller@vliz.be/.TinyTeX/texmf-dist/tex/latex/base/fontenc
.sty
Package: fontenc 2021/04/29 v2.0v Standard LaTeX package
LaTeX Font Info:    Trying to load font information for T1+lmr on input line 11
2.
(/data/home/innovauth/jeller@vliz.be/.TinyTeX/texmf-dist/tex/latex/lm/t1lmr.fd
File: t1lmr.fd 2015/05/01 v1.6.1 Font defs for Latin Modern
))
(/data/home/innovauth/jeller@vliz.be/.TinyTeX/texmf-dist/tex/latex/base/inputen
c.sty
Package: inputenc 2021/02/14 v1.3d Input encoding file
\inpenc@prehook=\toks22
\inpenc@posthook=\toks23
)
(/data/home/innovauth/jeller@vliz.be/.TinyTeX/texmf-dist/tex/latex/base/textcom
p.sty
Package: textcomp 2020/02/02 v2.0n Standard LaTeX package
)
(/data/home/innovauth/jeller@vliz.be/.TinyTeX/texmf-dist/tex/latex/hyperref/hyp
erref.sty
Package: hyperref 2021-06-07 v7.00m Hypertext links for LaTeX

(/data/home/innovauth/jeller@vliz.be/.TinyTeX/texmf-dist/tex/generic/ltxcmds/lt
xcmds.sty
Package: ltxcmds 2020-05-10 v1.25 LaTeX kernel commands for general use (HO)
)
(/data/home/innovauth/jeller@vliz.be/.TinyTeX/texmf-dist/tex/generic/pdftexcmds
/pdftexcmds.sty
Package: pdftexcmds 2020-06-27 v0.33 Utility functions of pdfTeX for LuaTeX (HO
)

(/data/home/innovauth/jeller@vliz.be/.TinyTeX/texmf-dist/tex/generic/infwarerr/
infwarerr.sty
Package: infwarerr 2019/12/03 v1.5 Providing info/warning/error messages (HO)
)
Package pdftexcmds Info: \pdf@primitive is available.
Package pdftexcmds Info: \pdf@ifprimitive is available.
Package pdftexcmds Info: \pdfdraftmode found.
)
(/data/home/innovauth/jeller@vliz.be/.TinyTeX/texmf-dist/tex/latex/graphics/key
val.sty
Package: keyval 2014/10/28 v1.15 key=value parser (DPC)
\KV@toks@=\toks24
)
(/data/home/innovauth/jeller@vliz.be/.TinyTeX/texmf-dist/tex/generic/kvsetkeys/
kvsetkeys.sty
Package: kvsetkeys 2019/12/15 v1.18 Key value parser (HO)
)
(/data/home/innovauth/jeller@vliz.be/.TinyTeX/texmf-dist/tex/generic/kvdefineke
ys/kvdefinekeys.sty
Package: kvdefinekeys 2019-12-19 v1.6 Define keys (HO)
)
(/data/home/innovauth/jeller@vliz.be/.TinyTeX/texmf-dist/tex/generic/pdfescape/
pdfescape.sty
Package: pdfescape 2019/12/09 v1.15 Implements pdfTeX's escape features (HO)
)
(/data/home/innovauth/jeller@vliz.be/.TinyTeX/texmf-dist/tex/latex/hycolor/hyco
lor.sty
Package: hycolor 2020-01-27 v1.10 Color options for hyperref/bookmark (HO)
)
(/data/home/innovauth/jeller@vliz.be/.TinyTeX/texmf-dist/tex/latex/letltxmacro/
letltxmacro.sty
Package: letltxmacro 2019/12/03 v1.6 Let assignment for LaTeX macros (HO)
)
(/data/home/innovauth/jeller@vliz.be/.TinyTeX/texmf-dist/tex/latex/auxhook/auxh
ook.sty
Package: auxhook 2019-12-17 v1.6 Hooks for auxiliary files (HO)
)
(/data/home/innovauth/jeller@vliz.be/.TinyTeX/texmf-dist/tex/latex/kvoptions/kv
options.sty
Package: kvoptions 2020-10-07 v3.14 Key value format for package options (HO)
)
\@linkdim=\dimen148
\Hy@linkcounter=\count268
\Hy@pagecounter=\count269

(/data/home/innovauth/jeller@vliz.be/.TinyTeX/texmf-dist/tex/latex/hyperref/pd1
enc.def
File: pd1enc.def 2021-06-07 v7.00m Hyperref: PDFDocEncoding definition (HO)
Now handling font encoding PD1 ...
... no UTF-8 mapping file for font encoding PD1
)
(/data/home/innovauth/jeller@vliz.be/.TinyTeX/texmf-dist/tex/latex/hyperref/hyp
erref-langpatches.def
File: hyperref-langpatches.def 2021-06-07 v7.00m Hyperref: patches for babel la
nguages
)
(/data/home/innovauth/jeller@vliz.be/.TinyTeX/texmf-dist/tex/generic/intcalc/in
tcalc.sty
Package: intcalc 2019/12/15 v1.3 Expandable calculations with integers (HO)
)
(/data/home/innovauth/jeller@vliz.be/.TinyTeX/texmf-dist/tex/generic/etexcmds/e
texcmds.sty
Package: etexcmds 2019/12/15 v1.7 Avoid name clashes with e-TeX commands (HO)
)
\Hy@SavedSpaceFactor=\count270

(/data/home/innovauth/jeller@vliz.be/.TinyTeX/texmf-dist/tex/latex/hyperref/pue
nc.def
File: puenc.def 2021-06-07 v7.00m Hyperref: PDF Unicode definition (HO)
Now handling font encoding PU ...
... no UTF-8 mapping file for font encoding PU
)
Package hyperref Info: Option `unicode' set `true' on input line 4073.
Package hyperref Info: Hyper figures OFF on input line 4192.
Package hyperref Info: Link nesting OFF on input line 4197.
Package hyperref Info: Hyper index ON on input line 4200.
Package hyperref Info: Plain pages OFF on input line 4207.
Package hyperref Info: Backreferencing OFF on input line 4212.
Package hyperref Info: Implicit mode ON; LaTeX internals redefined.
Package hyperref Info: Bookmarks ON on input line 4445.
\c@Hy@tempcnt=\count271
(/data/home/innovauth/jeller@vliz.be/.TinyTeX/texmf-dist/tex/latex/url/url.sty
\Urlmuskip=\muskip17
Package: url 2013/09/16  ver 3.4  Verb mode for urls, etc.
)
LaTeX Info: Redefining \url on input line 4804.
\XeTeXLinkMargin=\dimen149

(/data/home/innovauth/jeller@vliz.be/.TinyTeX/texmf-dist/tex/generic/bitset/bit
set.sty
Package: bitset 2019/12/09 v1.3 Handle bit-vector datatype (HO)

(/data/home/innovauth/jeller@vliz.be/.TinyTeX/texmf-dist/tex/generic/bigintcalc
/bigintcalc.sty
Package: bigintcalc 2019/12/15 v1.5 Expandable calculations on big integers (HO
)
))
\Fld@menulength=\count272
\Field@Width=\dimen150
\Fld@charsize=\dimen151
Package hyperref Info: Hyper figures OFF on input line 6076.
Package hyperref Info: Link nesting OFF on input line 6081.
Package hyperref Info: Hyper index ON on input line 6084.
Package hyperref Info: backreferencing OFF on input line 6091.
Package hyperref Info: Link coloring OFF on input line 6096.
Package hyperref Info: Link coloring with OCG OFF on input line 6101.
Package hyperref Info: PDF/A mode OFF on input line 6106.
LaTeX Info: Redefining \ref on input line 6146.
LaTeX Info: Redefining \pageref on input line 6150.

(/data/home/innovauth/jeller@vliz.be/.TinyTeX/texmf-dist/tex/latex/base/atbegsh
i-ltx.sty
Package: atbegshi-ltx 2021/01/10 v1.0c Emulation of the original atbegshi
package with kernel methods
)
\Hy@abspage=\count273
\c@Item=\count274
\c@Hfootnote=\count275
)
Package hyperref Info: Driver (autodetected): hpdftex.

(/data/home/innovauth/jeller@vliz.be/.TinyTeX/texmf-dist/tex/latex/hyperref/hpd
ftex.def
File: hpdftex.def 2021-06-07 v7.00m Hyperref driver for pdfTeX

(/data/home/innovauth/jeller@vliz.be/.TinyTeX/texmf-dist/tex/latex/base/atverye
nd-ltx.sty
Package: atveryend-ltx 2020/08/19 v1.0a Emulation of the original atvery packag
e
with kernel methods
)
\Fld@listcount=\count276
\c@bookmark@seq@number=\count277

(/data/home/innovauth/jeller@vliz.be/.TinyTeX/texmf-dist/tex/latex/rerunfileche
ck/rerunfilecheck.sty
Package: rerunfilecheck 2019/12/05 v1.9 Rerun checks for auxiliary files (HO)

(/data/home/innovauth/jeller@vliz.be/.TinyTeX/texmf-dist/tex/generic/uniquecoun
ter/uniquecounter.sty
Package: uniquecounter 2019/12/15 v1.4 Provide unlimited unique counter (HO)
)
Package uniquecounter Info: New unique counter `rerunfilecheck' on input line 2
86.
)
\Hy@SectionHShift=\skip52
)
Package hyperref Info: Option `breaklinks' set `true' on input line 34.

(/data/home/innovauth/jeller@vliz.be/.TinyTeX/texmf-dist/tex/latex/geometry/geo
metry.sty
Package: geometry 2020/01/02 v5.9 Page Geometry

(/data/home/innovauth/jeller@vliz.be/.TinyTeX/texmf-dist/tex/generic/iftex/ifvt
ex.sty
Package: ifvtex 2019/10/25 v1.7 ifvtex legacy package. Use iftex instead.
)
\Gm@cnth=\count278
\Gm@cntv=\count279
\c@Gm@tempcnt=\count280
\Gm@bindingoffset=\dimen152
\Gm@wd@mp=\dimen153
\Gm@odd@mp=\dimen154
\Gm@even@mp=\dimen155
\Gm@layoutwidth=\dimen156
\Gm@layoutheight=\dimen157
\Gm@layouthoffset=\dimen158
\Gm@layoutvoffset=\dimen159
\Gm@dimlist=\toks25
)
(/data/home/innovauth/jeller@vliz.be/.TinyTeX/texmf-dist/tex/latex/graphics/col
or.sty
Package: color 2020/02/24 v1.2b Standard LaTeX Color (DPC)

(/data/home/innovauth/jeller@vliz.be/.TinyTeX/texmf-dist/tex/latex/graphics-cfg
/color.cfg
File: color.cfg 2016/01/02 v1.6 sample color configuration
)
Package color Info: Driver file: pdftex.def on input line 149.

(/data/home/innovauth/jeller@vliz.be/.TinyTeX/texmf-dist/tex/latex/graphics-def
/pdftex.def
File: pdftex.def 2020/10/05 v1.2a Graphics/color driver for pdftex
))
(/data/home/innovauth/jeller@vliz.be/.TinyTeX/texmf-dist/tex/latex/fancyvrb/fan
cyvrb.sty
Package: fancyvrb 2021/08/12 v3.8 verbatim text (tvz,hv)
\FV@CodeLineNo=\count281
\FV@InFile=\read2
\FV@TabBox=\box52
\c@FancyVerbLine=\count282
\FV@StepNumber=\count283
\FV@OutFile=\write3
)
(/data/home/innovauth/jeller@vliz.be/.TinyTeX/texmf-dist/tex/latex/graphics/gra
phicx.sty
Package: graphicx 2020/12/05 v1.2c Enhanced LaTeX Graphics (DPC,SPQR)

(/data/home/innovauth/jeller@vliz.be/.TinyTeX/texmf-dist/tex/latex/graphics/gra
phics.sty
Package: graphics 2021/03/04 v1.4d Standard LaTeX Graphics (DPC,SPQR)

(/data/home/innovauth/jeller@vliz.be/.TinyTeX/texmf-dist/tex/latex/graphics/tri
g.sty
Package: trig 2016/01/03 v1.10 sin cos tan (DPC)
)
(/data/home/innovauth/jeller@vliz.be/.TinyTeX/texmf-dist/tex/latex/graphics-cfg
/graphics.cfg
File: graphics.cfg 2016/06/04 v1.11 sample graphics configuration
)
Package graphics Info: Driver file: pdftex.def on input line 107.
)
\Gin@req@height=\dimen160
\Gin@req@width=\dimen161
)
(/data/home/innovauth/jeller@vliz.be/.TinyTeX/texmf-dist/tex/latex/grffile/grff
ile.sty
Package: grffile 2019/11/11 v2.1 Extended file name support for graphics (legac
y)
Package grffile Info: This package is an empty stub for compatibility on input 
line 40.
)
(/data/home/innovauth/jeller@vliz.be/.TinyTeX/texmf-dist/tex/latex/nunito/nunit
o.sty
Package: nunito 2021/01/15 v.0.0.1 (Carl-Clemens Ebinger & autoinst) Style file
 for Nunito fonts.

(/data/home/innovauth/jeller@vliz.be/.TinyTeX/texmf-dist/tex/latex/xkeyval/xkey
val.sty
Package: xkeyval 2020/11/20 v2.8 package option processing (HA)

(/data/home/innovauth/jeller@vliz.be/.TinyTeX/texmf-dist/tex/generic/xkeyval/xk
eyval.tex
(/data/home/innovauth/jeller@vliz.be/.TinyTeX/texmf-dist/tex/generic/xkeyval/xk
vutils.tex
\XKV@toks=\toks26
\XKV@tempa@toks=\toks27
)
\XKV@depth=\count284
File: xkeyval.tex 2014/12/03 v2.7a key=value parser (HA)
))
(/data/home/innovauth/jeller@vliz.be/.TinyTeX/texmf-dist/tex/latex/base/fontenc
.sty
Package: fontenc 2021/04/29 v2.0v Standard LaTeX package
)
(/data/home/innovauth/jeller@vliz.be/.TinyTeX/texmf-dist/tex/latex/base/ifthen.
sty
Package: ifthen 2020/11/24 v1.1c Standard LaTeX ifthen package (DPC)
))
LaTeX Font Info:    Trying to load font information for T1+ppl on input line 10
5.

(/data/home/innovauth/jeller@vliz.be/.TinyTeX/texmf-dist/tex/latex/psnfss/t1ppl
.fd
File: t1ppl.fd 2001/06/04 font definitions for T1/ppl.
)
(/data/home/innovauth/jeller@vliz.be/.TinyTeX/texmf-dist/tex/latex/xcolor/xcolo
r.sty
Package: xcolor 2016/05/11 v2.12 LaTeX color extensions (UK)

(/data/home/innovauth/jeller@vliz.be/.TinyTeX/texmf-dist/tex/latex/graphics-cfg
/color.cfg
File: color.cfg 2016/01/02 v1.6 sample color configuration
)
Package xcolor Info: Driver file: pdftex.def on input line 225.
LaTeX Info: Redefining \color on input line 709.
Package xcolor Info: Model `cmy' substituted by `cmy0' on input line 1348.
Package xcolor Info: Model `hsb' substituted by `rgb' on input line 1352.
Package xcolor Info: Model `RGB' extended on input line 1364.
Package xcolor Info: Model `HTML' substituted by `rgb' on input line 1366.
Package xcolor Info: Model `Hsb' substituted by `hsb' on input line 1367.
Package xcolor Info: Model `tHsb' substituted by `hsb' on input line 1368.
Package xcolor Info: Model `HSB' substituted by `hsb' on input line 1369.
Package xcolor Info: Model `Gray' substituted by `gray' on input line 1370.
Package xcolor Info: Model `wave' substituted by `hsb' on input line 1371.
)
(/data/home/innovauth/jeller@vliz.be/.TinyTeX/texmf-dist/tex/latex/sectsty/sect
sty.sty
Package: sectsty 2002/02/25 v2.0.2 Commands to change all sectional heading sty
les

LaTeX Warning: Command \underbar  has changed.
               Check if current package is valid.


LaTeX Warning: Command \underline  has changed.
               Check if current package is valid.

)
(/data/home/innovauth/jeller@vliz.be/.TinyTeX/texmf-dist/tex/latex/tools/multic
ol.sty
Package: multicol 2019/12/09 v1.8y multicolumn formatting (FMi)
\c@tracingmulticols=\count285
\mult@box=\box53
\multicol@leftmargin=\dimen162
\c@unbalance=\count286
\c@collectmore=\count287
\doublecol@number=\count288
\multicoltolerance=\count289
\multicolpretolerance=\count290
\full@width=\dimen163
\page@free=\dimen164
\premulticols=\dimen165
\postmulticols=\dimen166
\multicolsep=\skip53
\multicolbaselineskip=\skip54
\partial@page=\box54
\last@line=\box55
\maxbalancingoverflow=\dimen167
\mult@rightbox=\box56
\mult@grightbox=\box57
\mult@gfirstbox=\box58
\mult@firstbox=\box59
\@tempa=\box60
\@tempa=\box61
\@tempa=\box62
\@tempa=\box63
\@tempa=\box64
\@tempa=\box65
\@tempa=\box66
\@tempa=\box67
\@tempa=\box68
\@tempa=\box69
\@tempa=\box70
\@tempa=\box71
\@tempa=\box72
\@tempa=\box73
\@tempa=\box74
\@tempa=\box75
\@tempa=\box76
\@tempa=\box77
\@tempa=\box78
\@tempa=\box79
\@tempa=\box80
\@tempa=\box81
\@tempa=\box82
\@tempa=\box83
\@tempa=\box84
\@tempa=\box85
\@tempa=\box86
\@tempa=\box87
\@tempa=\box88
\@tempa=\box89
\@tempa=\box90
\@tempa=\box91
\@tempa=\box92
\@tempa=\box93
\@tempa=\box94
\@tempa=\box95
\@tempa=\box96
\c@minrows=\count291
\c@columnbadness=\count292
\c@finalcolumnbadness=\count293
\last@try=\dimen168
\multicolovershoot=\dimen169
\multicolundershoot=\dimen170
\mult@nat@firstbox=\box97
\colbreak@box=\box98
\mc@col@check@num=\count294
)
(/data/home/innovauth/jeller@vliz.be/.TinyTeX/texmf-dist/tex/latex/booktabs/boo
ktabs.sty
Package: booktabs 2020/01/12 v1.61803398 Publication quality tables
\heavyrulewidth=\dimen171
\lightrulewidth=\dimen172
\cmidrulewidth=\dimen173
\belowrulesep=\dimen174
\belowbottomsep=\dimen175
\aboverulesep=\dimen176
\abovetopsep=\dimen177
\cmidrulesep=\dimen178
\cmidrulekern=\dimen179
\defaultaddspace=\dimen180
\@cmidla=\count295
\@cmidlb=\count296
\@aboverulesep=\dimen181
\@belowrulesep=\dimen182
\@thisruleclass=\count297
\@lastruleclass=\count298
\@thisrulewidth=\dimen183
)
(/data/home/innovauth/jeller@vliz.be/.TinyTeX/texmf-dist/tex/latex/tools/longta
ble.sty
Package: longtable 2021-05-07 v4.16 Multi-page Table package (DPC)
\LTleft=\skip55
\LTright=\skip56
\LTpre=\skip57
\LTpost=\skip58
\LTchunksize=\count299
\LTcapwidth=\dimen184
\LT@head=\box99
\LT@firsthead=\box100
\LT@foot=\box101
\LT@lastfoot=\box102
\LT@gbox=\box103
\LT@cols=\count300
\LT@rows=\count301
\c@LT@tables=\count302
\c@LT@chunks=\count303
\LT@p@ftn=\toks28
)
(/data/home/innovauth/jeller@vliz.be/.TinyTeX/texmf-dist/tex/latex/tools/array.
sty
Package: array 2021/04/20 v2.5e Tabular extension package (FMi)
\col@sep=\dimen185
\ar@mcellbox=\box104
\extrarowheight=\dimen186
\NC@list=\toks29
\extratabsurround=\skip59
\backup@length=\skip60
\ar@cellbox=\box105
)
(/data/home/innovauth/jeller@vliz.be/.TinyTeX/texmf-dist/tex/latex/multirow/mul
tirow.sty
Package: multirow 2021/03/15 v2.8 Span multiple rows of a table
\multirow@colwidth=\skip61
\multirow@cntb=\count304
\multirow@dima=\skip62
\bigstrutjot=\dimen187
)
(/data/home/innovauth/jeller@vliz.be/.TinyTeX/texmf-dist/tex/latex/wrapfig/wrap
fig.sty
\wrapoverhang=\dimen188
\WF@size=\dimen189
\c@WF@wrappedlines=\count305
\WF@box=\box106
\WF@everypar=\toks30
Package: wrapfig 2003/01/31  v 3.6
)
(/data/home/innovauth/jeller@vliz.be/.TinyTeX/texmf-dist/tex/latex/float/float.
sty
Package: float 2001/11/08 v1.3d Float enhancements (AL)
\c@float@type=\count306
\float@exts=\toks31
\float@box=\box107
\@float@everytoks=\toks32
\@floatcapt=\box108
)
(/data/home/innovauth/jeller@vliz.be/.TinyTeX/texmf-dist/tex/latex/colortbl/col
ortbl.sty
Package: colortbl 2020/01/04 v1.0e Color table columns (DPC)
\everycr=\toks33
\minrowclearance=\skip63
)
(/data/home/innovauth/jeller@vliz.be/.TinyTeX/texmf-dist/tex/latex/pdflscape/pd
flscape.sty
Package: pdflscape 2019/12/05 v0.12 Display of landscape pages in PDF (HO)

(/data/home/innovauth/jeller@vliz.be/.TinyTeX/texmf-dist/tex/latex/graphics/lsc
ape.sty
Package: lscape 2020/05/28 v3.02 Landscape Pages (DPC)
)
Package pdflscape Info: Auto-detected driver: pdftex on input line 81.
)
(/data/home/innovauth/jeller@vliz.be/.TinyTeX/texmf-dist/tex/latex/tabu/tabu.st
y
Package: tabu 2019/01/11 v2.9 - flexible LaTeX tabulars (FC+tabu-fixed)

(/data/home/innovauth/jeller@vliz.be/.TinyTeX/texmf-dist/tex/latex/varwidth/var
width.sty
Package: varwidth 2009/03/30 ver 0.92;  Variable-width minipages
\@vwid@box=\box109
\sift@deathcycles=\count307
\@vwid@loff=\dimen190
\@vwid@roff=\dimen191
)
\c@taburow=\count308
\tabu@nbcols=\count309
\tabu@cnt=\count310
\tabu@Xcol=\count311
\tabu@alloc=\count312
\tabu@nested=\count313
\tabu@target=\dimen192
\tabu@spreadtarget=\dimen193
\tabu@naturalX=\dimen194
\tabucolX=\dimen195
\tabu@Xsum=\dimen196
\extrarowdepth=\dimen197
\abovetabulinesep=\dimen198
\belowtabulinesep=\dimen199
\tabustrutrule=\dimen256
\tabu@thebody=\toks34
\tabu@footnotes=\toks35
\tabu@box=\box110
\tabu@arstrutbox=\box111
\tabu@hleads=\box112
\tabu@vleads=\box113
\tabu@cellskip=\skip64
)
(/data/home/innovauth/jeller@vliz.be/.TinyTeX/texmf-dist/tex/latex/threeparttab
le/threeparttable.sty
Package: threeparttable 2003/06/13  v 3.0
\@tempboxb=\box114
)
(/data/home/innovauth/jeller@vliz.be/.TinyTeX/texmf-dist/tex/latex/threeparttab
lex/threeparttablex.sty
Package: threeparttablex 2013/07/23 v0.3 by daleif

(/data/home/innovauth/jeller@vliz.be/.TinyTeX/texmf-dist/tex/latex/environ/envi
ron.sty
Package: environ 2014/05/04 v0.3 A new way to define environments

(/data/home/innovauth/jeller@vliz.be/.TinyTeX/texmf-dist/tex/latex/trimspaces/t
rimspaces.sty
Package: trimspaces 2009/09/17 v1.1 Trim spaces around a token list
))
\TPTL@width=\skip65
)
(/data/home/innovauth/jeller@vliz.be/.TinyTeX/texmf-dist/tex/generic/ulem/ulem.
sty
\UL@box=\box115
\UL@hyphenbox=\box116
\UL@skip=\skip66
\UL@hook=\toks36
\UL@height=\dimen257
\UL@pe=\count314
\UL@pixel=\dimen258
\ULC@box=\box117
Package: ulem 2019/11/18
\ULdepth=\dimen259
)
(/data/home/innovauth/jeller@vliz.be/.TinyTeX/texmf-dist/tex/latex/makecell/mak
ecell.sty
Package: makecell 2009/08/03 V0.1e Managing of Tab Column Heads and Cells
\rotheadsize=\dimen260
\c@nlinenum=\count315
\TeXr@lab=\toks37
)
LaTeX Font Info:    Trying to load font information for T1+lmss on input line 1
33.

(/data/home/innovauth/jeller@vliz.be/.TinyTeX/texmf-dist/tex/latex/lm/t1lmss.fd
File: t1lmss.fd 2015/05/01 v1.6.1 Font defs for Latin Modern
)
(/data/home/innovauth/jeller@vliz.be/.TinyTeX/texmf-dist/tex/latex/l3backend/l3
backend-pdftex.def
File: l3backend-pdftex.def 2021-08-04 L3 backend support: PDF output (pdfTeX)
\l__color_backend_stack_int=\count316
\l__pdf_internal_box=\box118
) (./handleiding-rstudio.aux)
\openout1 = `handleiding-rstudio.aux'.

LaTeX Font Info:    Checking defaults for OML/cmm/m/it on input line 133.
LaTeX Font Info:    ... okay on input line 133.
LaTeX Font Info:    Checking defaults for OMS/cmsy/m/n on input line 133.
LaTeX Font Info:    ... okay on input line 133.
LaTeX Font Info:    Checking defaults for OT1/cmr/m/n on input line 133.
LaTeX Font Info:    ... okay on input line 133.
LaTeX Font Info:    Checking defaults for T1/cmr/m/n on input line 133.
LaTeX Font Info:    ... okay on input line 133.
LaTeX Font Info:    Checking defaults for TS1/cmr/m/n on input line 133.
LaTeX Font Info:    ... okay on input line 133.
LaTeX Font Info:    Checking defaults for OMX/cmex/m/n on input line 133.
LaTeX Font Info:    ... okay on input line 133.
LaTeX Font Info:    Checking defaults for U/cmr/m/n on input line 133.
LaTeX Font Info:    ... okay on input line 133.
LaTeX Font Info:    Checking defaults for PD1/pdf/m/n on input line 133.
LaTeX Font Info:    ... okay on input line 133.
LaTeX Font Info:    Checking defaults for PU/pdf/m/n on input line 133.
LaTeX Font Info:    ... okay on input line 133.
Package hyperref Info: Link coloring OFF on input line 133.

(/data/home/innovauth/jeller@vliz.be/.TinyTeX/texmf-dist/tex/latex/hyperref/nam
eref.sty
Package: nameref 2021-04-02 v2.47 Cross-referencing by name of section

(/data/home/innovauth/jeller@vliz.be/.TinyTeX/texmf-dist/tex/latex/refcount/ref
count.sty
Package: refcount 2019/12/15 v3.6 Data extraction from label references (HO)
)
(/data/home/innovauth/jeller@vliz.be/.TinyTeX/texmf-dist/tex/generic/gettitlest
ring/gettitlestring.sty
Package: gettitlestring 2019/12/15 v1.6 Cleanup title references (HO)
)
\c@section@level=\count317
)
LaTeX Info: Redefining \ref on input line 133.
LaTeX Info: Redefining \pageref on input line 133.
LaTeX Info: Redefining \nameref on input line 133.
(./handleiding-rstudio.out) (./handleiding-rstudio.out)
\@outlinefile=\write4
\openout4 = `handleiding-rstudio.out'.

*geometry* driver: auto-detecting
*geometry* detected driver: pdftex
*geometry* verbose mode - [ preamble ] result:
* driver: pdftex
* paper: <default>
* layout: <same size as paper>
* layoutoffset:(h,v)=(0.0pt,0.0pt)
* modes: 
* h-part:(L,W,R)=(72.26999pt, 469.75502pt, 72.26999pt)
* v-part:(T,H,B)=(72.26999pt, 650.43001pt, 72.26999pt)
* \paperwidth=614.295pt
* \paperheight=794.96999pt
* \textwidth=469.75502pt
* \textheight=650.43001pt
* \oddsidemargin=0.0pt
* \evensidemargin=0.0pt
* \topmargin=-37.0pt
* \headheight=12.0pt
* \headsep=25.0pt
* \topskip=10.0pt
* \footskip=30.0pt
* \marginparwidth=65.0pt
* \marginparsep=11.0pt
* \columnsep=10.0pt
* \skip\footins=9.0pt plus 4.0pt minus 2.0pt
* \hoffset=0.0pt
* \voffset=0.0pt
* \mag=1000
* \@twocolumnfalse
* \@twosidefalse
* \@mparswitchfalse
* \@reversemarginfalse
* (1in=72.27pt=25.4mm, 1cm=28.453pt)


(/data/home/innovauth/jeller@vliz.be/.TinyTeX/texmf-dist/tex/latex/epstopdf-pkg
/epstopdf-base.sty
Package: epstopdf-base 2020-01-24 v2.11 Base part for package epstopdf
Package epstopdf-base Info: Redefining graphics rule for `.eps' on input line 4
85.

(/data/home/innovauth/jeller@vliz.be/.TinyTeX/texmf-dist/tex/latex/latexconfig/
epstopdf-sys.cfg
File: epstopdf-sys.cfg 2010/07/13 v1.3 Configuration of (r)epstopdf for TeX Liv
e
))
LaTeX Font Info:    Trying to load font information for OT1+lmr on input line 1
35.

(/data/home/innovauth/jeller@vliz.be/.TinyTeX/texmf-dist/tex/latex/lm/ot1lmr.fd
File: ot1lmr.fd 2015/05/01 v1.6.1 Font defs for Latin Modern
)
LaTeX Font Info:    Trying to load font information for OML+lmm on input line 1
35.

(/data/home/innovauth/jeller@vliz.be/.TinyTeX/texmf-dist/tex/latex/lm/omllmm.fd
File: omllmm.fd 2015/05/01 v1.6.1 Font defs for Latin Modern
)
LaTeX Font Info:    Trying to load font information for OMS+lmsy on input line 
135.

(/data/home/innovauth/jeller@vliz.be/.TinyTeX/texmf-dist/tex/latex/lm/omslmsy.f
d
File: omslmsy.fd 2015/05/01 v1.6.1 Font defs for Latin Modern
)
LaTeX Font Info:    Trying to load font information for OMX+lmex on input line 
135.

(/data/home/innovauth/jeller@vliz.be/.TinyTeX/texmf-dist/tex/latex/lm/omxlmex.f
d
File: omxlmex.fd 2015/05/01 v1.6.1 Font defs for Latin Modern
)
LaTeX Font Info:    External font `lmex10' loaded for size
(Font)              <12> on input line 135.
LaTeX Font Info:    External font `lmex10' loaded for size
(Font)              <8> on input line 135.
LaTeX Font Info:    External font `lmex10' loaded for size
(Font)              <6> on input line 135.
LaTeX Font Info:    Trying to load font information for U+msa on input line 135
.

(/data/home/innovauth/jeller@vliz.be/.TinyTeX/texmf-dist/tex/latex/amsfonts/ums
a.fd
File: umsa.fd 2013/01/14 v3.01 AMS symbols A
)
LaTeX Font Info:    Trying to load font information for U+msb on input line 135
.

(/data/home/innovauth/jeller@vliz.be/.TinyTeX/texmf-dist/tex/latex/amsfonts/ums
b.fd
File: umsb.fd 2013/01/14 v3.01 AMS symbols B
) (./handleiding-rstudio.toc
LaTeX Font Info:    External font `lmex10' loaded for size
(Font)              <10> on input line 4.
LaTeX Font Info:    External font `lmex10' loaded for size
(Font)              <7> on input line 4.
LaTeX Font Info:    External font `lmex10' loaded for size
(Font)              <5> on input line 4.
)
\tf@toc=\write5
\openout5 = `handleiding-rstudio.toc'.

[1

{/data/home/innovauth/jeller@vliz.be/.TinyTeX/texmf-var/fonts/map/pdftex/updmap
/pdftex.map}]
<./images_manual_rstudio/image1_sign_in_to_rstudio.png, id=72, 221.02576pt x 17
4.05025pt>
File: ./images_manual_rstudio/image1_sign_in_to_rstudio.png Graphic file (type 
png)
<use ./images_manual_rstudio/image1_sign_in_to_rstudio.png>
Package pdftex.def Info: ./images_manual_rstudio/image1_sign_in_to_rstudio.png 
 used on input line 180.
(pdftex.def)             Requested size: 221.02858pt x 174.05246pt.
<./images_manual_rstudio/image1a_rstudio_registration_form.png, id=75, 1154.513
24pt x 620.91975pt>
File: ./images_manual_rstudio/image1a_rstudio_registration_form.png Graphic fil
e (type png)
<use ./images_manual_rstudio/image1a_rstudio_registration_form.png>
Package pdftex.def Info: ./images_manual_rstudio/image1a_rstudio_registration_f
orm.png  used on input line 196.
(pdftex.def)             Requested size: 422.77672pt x 227.37756pt.
<./images_manual_rstudio/image1b_rstudio_registration_message.png, id=76, 493.8
45pt x 99.37125pt>
File: ./images_manual_rstudio/image1b_rstudio_registration_message.png Graphic 
file (type png)
<use ./images_manual_rstudio/image1b_rstudio_registration_message.png>
Package pdftex.def Info: ./images_manual_rstudio/image1b_rstudio_registration_m
essage.png  used on input line 202.
(pdftex.def)             Requested size: 281.84872pt x 56.71346pt.
[2 <./images_manual_rstudio/image1_sign_in_to_rstudio.png> <./images_manual_rst
udio/image1a_rstudio_registration_form.png>]
<./images_manual_rstudio/image2_rstudio_workframe.png, id=83, 2937.5346pt x 143
4.3186pt>
File: ./images_manual_rstudio/image2_rstudio_workframe.png Graphic file (type p
ng)
<use ./images_manual_rstudio/image2_rstudio_workframe.png>
Package pdftex.def Info: ./images_manual_rstudio/image2_rstudio_workframe.png  
used on input line 218.
(pdftex.def)             Requested size: 1332.09807pt x 650.4274pt.

Overfull \hbox (862.34305pt too wide) in paragraph at lines 218--218
 [] 
 []

[3 <./images_manual_rstudio/image1b_rstudio_registration_message.png>] [4 <./im
ages_manual_rstudio/image2_rstudio_workframe.png>]
LaTeX Font Info:    Trying to load font information for TS1+lmss on input line 
249.

(/data/home/innovauth/jeller@vliz.be/.TinyTeX/texmf-dist/tex/latex/lm/ts1lmss.f
d
File: ts1lmss.fd 2015/05/01 v1.6.1 Font defs for Latin Modern
)
LaTeX Font Info:    Trying to load font information for T1+lmtt on input line 2
73.

(/data/home/innovauth/jeller@vliz.be/.TinyTeX/texmf-dist/tex/latex/lm/t1lmtt.fd
File: t1lmtt.fd 2015/05/01 v1.6.1 Font defs for Latin Modern
) [5]
<./images_manual_rstudio/image3_rstudio_file_menu.png, id=105, 202.356pt x 162.
00525pt>
File: ./images_manual_rstudio/image3_rstudio_file_menu.png Graphic file (type p
ng)
<use ./images_manual_rstudio/image3_rstudio_file_menu.png>
Package pdftex.def Info: ./images_manual_rstudio/image3_rstudio_file_menu.png  
used on input line 339.
(pdftex.def)             Requested size: 202.35858pt x 162.00731pt.
<./images_manual_rstudio/image4_rstudio_new_project_wizard.png, id=106, 357.134
25pt x 252.34274pt>
File: ./images_manual_rstudio/image4_rstudio_new_project_wizard.png Graphic fil
e (type png)
<use ./images_manual_rstudio/image4_rstudio_new_project_wizard.png>
Package pdftex.def Info: ./images_manual_rstudio/image4_rstudio_new_project_wiz
ard.png  used on input line 351.
(pdftex.def)             Requested size: 234.88101pt x 165.96144pt.
<./images_manual_rstudio/image5_rstudio_new_project_project_type.png, id=107, 3
17.988pt x 227.04825pt>
File: ./images_manual_rstudio/image5_rstudio_new_project_project_type.png Graph
ic file (type png)
<use ./images_manual_rstudio/image5_rstudio_new_project_project_type.png>
Package pdftex.def Info: ./images_manual_rstudio/image5_rstudio_new_project_pro
ject_type.png  used on input line 374.
(pdftex.def)             Requested size: 281.86818pt x 201.25815pt.
[6 <./images_manual_rstudio/image3_rstudio_file_menu.png> <./images_manual_rstu
dio/image4_rstudio_new_project_wizard.png>]
<./images_manual_rstudio/image6_rstudio_new_project_name.png, id=116, 317.988pt
 x 229.45724pt>
File: ./images_manual_rstudio/image6_rstudio_new_project_name.png Graphic file 
(type png)
<use ./images_manual_rstudio/image6_rstudio_new_project_name.png>
Package pdftex.def Info: ./images_manual_rstudio/image6_rstudio_new_project_nam
e.png  used on input line 389.
(pdftex.def)             Requested size: 281.86818pt x 203.3935pt.
[7 <./images_manual_rstudio/image5_rstudio_new_project_project_type.png> <./ima
ges_manual_rstudio/image6_rstudio_new_project_name.png>]
<./images_manual_rstudio/image8a_rstudio_terminal.png, id=133, 1973.57326pt x 7
11.25725pt>
File: ./images_manual_rstudio/image8a_rstudio_terminal.png Graphic file (type p
ng)
<use ./images_manual_rstudio/image8a_rstudio_terminal.png>
Package pdftex.def Info: ./images_manual_rstudio/image8a_rstudio_terminal.png  
used on input line 442.
(pdftex.def)             Requested size: 422.77415pt x 152.36383pt.
<./images_manual_rstudio/image8b_message_keypair_generated.png, id=134, 1679.67
525pt x 529.37775pt>
File: ./images_manual_rstudio/image8b_message_keypair_generated.png Graphic fil
e (type png)
<use ./images_manual_rstudio/image8b_message_keypair_generated.png>
Package pdftex.def Info: ./images_manual_rstudio/image8b_message_keypair_genera
ted.png  used on input line 469.
(pdftex.def)             Requested size: 375.78336pt x 118.4344pt.
[8 <./images_manual_rstudio/image8a_rstudio_terminal.png> <./images_manual_rstu
dio/image8b_message_keypair_generated.png>]
<./images_manual_rstudio/image8c_message_register_keypair.png, id=145, 1973.573
26pt x 670.9065pt>
File: ./images_manual_rstudio/image8c_message_register_keypair.png Graphic file
 (type png)
<use ./images_manual_rstudio/image8c_message_register_keypair.png>
Package pdftex.def Info: ./images_manual_rstudio/image8c_message_register_keypa
ir.png  used on input line 497.
(pdftex.def)             Requested size: 375.7959pt x 127.74995pt.
<./images_manual_rstudio/image8d_github_new_sshkey.png, id=147, 1625.47275pt x 
865.43324pt>
File: ./images_manual_rstudio/image8d_github_new_sshkey.png Graphic file (type 
png)
<use ./images_manual_rstudio/image8d_github_new_sshkey.png>
Package pdftex.def Info: ./images_manual_rstudio/image8d_github_new_sshkey.png 
 used on input line 521.
(pdftex.def)             Requested size: 375.78548pt x 200.07547pt.
[9 <./images_manual_rstudio/image8c_message_register_keypair.png> <./images_man
ual_rstudio/image8d_github_new_sshkey.png>]
<./images_manual_rstudio/image8e_github_add_sshkey.png, id=156, 1492.3755pt x 8
84.103pt>
File: ./images_manual_rstudio/image8e_github_add_sshkey.png Graphic file (type 
png)
<use ./images_manual_rstudio/image8e_github_add_sshkey.png>
Package pdftex.def Info: ./images_manual_rstudio/image8e_github_add_sshkey.png 
 used on input line 534.
(pdftex.def)             Requested size: 375.80281pt x 222.63054pt.
<./images_manual_rstudio/image8f_verify_sshkey.png, id=157, 1975.38pt x 249.933
75pt>
File: ./images_manual_rstudio/image8f_verify_sshkey.png Graphic file (type png)

<use ./images_manual_rstudio/image8f_verify_sshkey.png>
Package pdftex.def Info: ./images_manual_rstudio/image8f_verify_sshkey.png  use
d on input line 561.
(pdftex.def)             Requested size: 375.77823pt x 47.5451pt.
<./images_manual_rstudio/image8g_message_sshkey_complete.png, id=158, 1912.1437
5pt x 253.54726pt>
File: ./images_manual_rstudio/image8g_message_sshkey_complete.png Graphic file 
(type png)
<use ./images_manual_rstudio/image8g_message_sshkey_complete.png>
Package pdftex.def Info: ./images_manual_rstudio/image8g_message_sshkey_complet
e.png  used on input line 566.
(pdftex.def)             Requested size: 375.79881pt x 49.83032pt.
[10 <./images_manual_rstudio/image8e_github_add_sshkey.png> <./images_manual_rs
tudio/image8f_verify_sshkey.png> <./images_manual_rstudio/image8g_message_sshke
y_complete.png>]
File: ./images_manual_rstudio/image3_rstudio_file_menu.png Graphic file (type p
ng)
<use ./images_manual_rstudio/image3_rstudio_file_menu.png>
Package pdftex.def Info: ./images_manual_rstudio/image3_rstudio_file_menu.png  
used on input line 588.
(pdftex.def)             Requested size: 202.35858pt x 162.00731pt.
File: ./images_manual_rstudio/image4_rstudio_new_project_wizard.png Graphic fil
e (type png)
<use ./images_manual_rstudio/image4_rstudio_new_project_wizard.png>
Package pdftex.def Info: ./images_manual_rstudio/image4_rstudio_new_project_wiz
ard.png  used on input line 598.
(pdftex.def)             Requested size: 281.86049pt x 199.15605pt.
<./images_manual_rstudio/image7_rstudio_new_project_wizard_version_control.png,
 id=165, 357.13425pt x 252.34274pt>
File: ./images_manual_rstudio/image7_rstudio_new_project_wizard_version_control
.png Graphic file (type png)
<use ./images_manual_rstudio/image7_rstudio_new_project_wizard_version_control.
png>
Package pdftex.def Info: ./images_manual_rstudio/image7_rstudio_new_project_wiz
ard_version_control.png  used on input line 609.
(pdftex.def)             Requested size: 281.86049pt x 199.15605pt.
[11]
<./images_manual_rstudio/image8h_github_sshkey_url.png, id=174, 1725.44624pt x 
1009.97325pt>
File: ./images_manual_rstudio/image8h_github_sshkey_url.png Graphic file (type 
png)
<use ./images_manual_rstudio/image8h_github_sshkey_url.png>
Package pdftex.def Info: ./images_manual_rstudio/image8h_github_sshkey_url.png 
 used on input line 624.
(pdftex.def)             Requested size: 375.78177pt x 219.96022pt.
<./images_manual_rstudio/image8i_rstudio_open_existing_project.png, id=175, 170
.88844pt x 179.92218pt>
File: ./images_manual_rstudio/image8i_rstudio_open_existing_project.png Graphic
 file (type png)
<use ./images_manual_rstudio/image8i_rstudio_open_existing_project.png>
Package pdftex.def Info: ./images_manual_rstudio/image8i_rstudio_open_existing_
project.png  used on input line 640.
(pdftex.def)             Requested size: 170.90105pt x 179.93546pt.
[12 <./images_manual_rstudio/image7_rstudio_new_project_wizard_version_control.
png> <./images_manual_rstudio/image8h_github_sshkey_url.png>]
<./images_manual_rstudio/image8j_message_fixing_gitssh.png, id=183, 2129.556pt 
x 293.898pt>
File: ./images_manual_rstudio/image8j_message_fixing_gitssh.png Graphic file (t
ype png)
<use ./images_manual_rstudio/image8j_message_fixing_gitssh.png>
Package pdftex.def Info: ./images_manual_rstudio/image8j_message_fixing_gitssh.
png  used on input line 656.
(pdftex.def)             Requested size: 422.75171pt x 58.34355pt.
<./images_manual_rstudio/image9_directory_structure.png, id=184, 146.949pt x 10
3.587pt>
File: ./images_manual_rstudio/image9_directory_structure.png Graphic file (type
 png)
<use ./images_manual_rstudio/image9_directory_structure.png>
Package pdftex.def Info: ./images_manual_rstudio/image9_directory_structure.png
  used on input line 685.
(pdftex.def)             Requested size: 146.94864pt x 103.58675pt.
[13 <./images_manual_rstudio/image8i_rstudio_open_existing_project.png> <./imag
es_manual_rstudio/image8j_message_fixing_gitssh.png>]
<./images_manual_rstudio/image10_data-scripts_folder.png, id=194, 422.7795pt x 
407.72325pt>
File: ./images_manual_rstudio/image10_data-scripts_folder.png Graphic file (typ
e png)
<use ./images_manual_rstudio/image10_data-scripts_folder.png>
Package pdftex.def Info: ./images_manual_rstudio/image10_data-scripts_folder.pn
g  used on input line 702.
(pdftex.def)             Requested size: 234.88408pt x 226.51926pt.

Overfull \hbox (66.41902pt too wide) in paragraph at lines 710--723
 [][] 
 []

[14 <./images_manual_rstudio/image9_directory_structure.png> <./images_manual_r
studio/image10_data-scripts_folder.png>]
<./images_manual_rstudio/image11_script_naming.png, id=201, 84.91725pt x 49.986
76pt>
File: ./images_manual_rstudio/image11_script_naming.png Graphic file (type png)

<use ./images_manual_rstudio/image11_script_naming.png>
Package pdftex.def Info: ./images_manual_rstudio/image11_script_naming.png  use
d on input line 755.
(pdftex.def)             Requested size: 84.91962pt x 49.98813pt.
<./images_manual_rstudio/image12_figure_script_naming1.png, id=202, 133.09724pt
 x 57.21375pt>
File: ./images_manual_rstudio/image12_figure_script_naming1.png Graphic file (t
ype png)
<use ./images_manual_rstudio/image12_figure_script_naming1.png>
Package pdftex.def Info: ./images_manual_rstudio/image12_figure_script_naming1.
png  used on input line 761.
(pdftex.def)             Requested size: 133.103pt x 57.2162pt.
<./images_manual_rstudio/image13_figure_script_naming2.png, id=203, 177.66376pt
 x 56.00925pt>
File: ./images_manual_rstudio/image13_figure_script_naming2.png Graphic file (t
ype png)
<use ./images_manual_rstudio/image13_figure_script_naming2.png>
Package pdftex.def Info: ./images_manual_rstudio/image13_figure_script_naming2.
png  used on input line 769.
(pdftex.def)             Requested size: 177.66602pt x 56.00995pt.
[15 <./images_manual_rstudio/image11_script_naming.png> <./images_manual_rstudi
o/image12_figure_script_naming1.png> <./images_manual_rstudio/image13_figure_sc
ript_naming2.png>] [16]
<./images_manual_rstudio/image13a_collapsed_code_sections.png, id=222, 373.395p
t x 140.32425pt>
File: ./images_manual_rstudio/image13a_collapsed_code_sections.png Graphic file
 (type png)
<use ./images_manual_rstudio/image13a_collapsed_code_sections.png>
Package pdftex.def Info: ./images_manual_rstudio/image13a_collapsed_code_sectio
ns.png  used on input line 871.
(pdftex.def)             Requested size: 328.83931pt x 123.57993pt.
[17 <./images_manual_rstudio/image13a_collapsed_code_sections.png>] [18] [19] [
20]
Underfull \hbox (badness 10000) in paragraph at lines 1171--1175

 []

[21]
<./images_manual_rstudio/image14_style_guide_styler.png, id=261, 344.487pt x 17
9.4705pt>
File: ./images_manual_rstudio/image14_style_guide_styler.png Graphic file (type
 png)
<use ./images_manual_rstudio/image14_style_guide_styler.png>
Package pdftex.def Info: ./images_manual_rstudio/image14_style_guide_styler.png
  used on input line 1311.
(pdftex.def)             Requested size: 234.87357pt x 122.3642pt.
[22 <./images_manual_rstudio/image14_style_guide_styler.png>]
<./images_manual_rstudio/image15_style_guide_lintr.png, id=268, 663.6795pt x 51
4.3215pt>
File: ./images_manual_rstudio/image15_style_guide_lintr.png Graphic file (type 
png)
<use ./images_manual_rstudio/image15_style_guide_lintr.png>
Package pdftex.def Info: ./images_manual_rstudio/image15_style_guide_lintr.png 
 used on input line 1327.
(pdftex.def)             Requested size: 663.67789pt x 514.32025pt.

Overfull \hbox (193.92287pt too wide) in paragraph at lines 1327--1327
 [] 
 []

[23 <./images_manual_rstudio/image15_style_guide_lintr.png>]
<./images_manual_rstudio/image16_scheldemonitor_homescreen.png, id=274, 825.082
5pt x 557.6835pt>
File: ./images_manual_rstudio/image16_scheldemonitor_homescreen.png Graphic fil
e (type png)
<use ./images_manual_rstudio/image16_scheldemonitor_homescreen.png>
Package pdftex.def Info: ./images_manual_rstudio/image16_scheldemonitor_homescr
een.png  used on input line 1358.
(pdftex.def)             Requested size: 422.77568pt x 285.75932pt.
<./images_manual_rstudio/image16a_scheldemonitor_data_toolbox_explore.png, id=2
75, 818.45775pt x 554.07pt>
File: ./images_manual_rstudio/image16a_scheldemonitor_data_toolbox_explore.png 
Graphic file (type png)
<use ./images_manual_rstudio/image16a_scheldemonitor_data_toolbox_explore.png>
Package pdftex.def Info: ./images_manual_rstudio/image16a_scheldemonitor_data_t
oolbox_explore.png  used on input line 1373.
(pdftex.def)             Requested size: 422.77805pt x 286.20735pt.
[24 <./images_manual_rstudio/image16_scheldemonitor_homescreen.png>]
<./images_manual_rstudio/image16b_scheldemonitor_data_toolbox_select.png, id=28
3, 593.8185pt x 407.121pt>
File: ./images_manual_rstudio/image16b_scheldemonitor_data_toolbox_select.png G
raphic file (type png)
<use ./images_manual_rstudio/image16b_scheldemonitor_data_toolbox_select.png>
Package pdftex.def Info: ./images_manual_rstudio/image16b_scheldemonitor_data_t
oolbox_select.png  used on input line 1386.
(pdftex.def)             Requested size: 422.77388pt x 289.85309pt.
[25 <./images_manual_rstudio/image16a_scheldemonitor_data_toolbox_explore.png>]
<./images_manual_rstudio/image17_scheldemonitor_data_explorer.png, id=289, 806.
41275pt x 502.87875pt>
File: ./images_manual_rstudio/image17_scheldemonitor_data_explorer.png Graphic 
file (type png)
<use ./images_manual_rstudio/image17_scheldemonitor_data_explorer.png>
Package pdftex.def Info: ./images_manual_rstudio/image17_scheldemonitor_data_ex
plorer.png  used on input line 1397.
(pdftex.def)             Requested size: 422.7701pt x 263.6393pt.
LaTeX Font Info:    Font shape `T1/lmss/m/it' in size <10> not available
(Font)              Font shape `T1/lmss/m/sl' tried instead on input line 1410.

[26 <./images_manual_rstudio/image16b_scheldemonitor_data_toolbox_select.png> <
./images_manual_rstudio/image17_scheldemonitor_data_explorer.png>]
<./images_manual_rstudio/image18a_scheldemonitor_data_summary.png, id=299, 620.
91975pt x 527.571pt>
File: ./images_manual_rstudio/image18a_scheldemonitor_data_summary.png Graphic 
file (type png)
<use ./images_manual_rstudio/image18a_scheldemonitor_data_summary.png>
Package pdftex.def Info: ./images_manual_rstudio/image18a_scheldemonitor_data_s
ummary.png  used on input line 1439.
(pdftex.def)             Requested size: 422.77884pt x 359.21849pt.
<./images_manual_rstudio/image19_scheldemonitor_login.png, id=300, 253.54726pt 
x 136.71075pt>
File: ./images_manual_rstudio/image19_scheldemonitor_login.png Graphic file (ty
pe png)
<use ./images_manual_rstudio/image19_scheldemonitor_login.png>
Package pdftex.def Info: ./images_manual_rstudio/image19_scheldemonitor_login.p
ng  used on input line 1457.
(pdftex.def)             Requested size: 234.89119pt x 126.65154pt.
[27 <./images_manual_rstudio/image18a_scheldemonitor_data_summary.png>]
<./images_manual_rstudio/image20_scheldemonitor_data_download_justification.png
, id=309, 375.20175pt x 315.579pt>
File: ./images_manual_rstudio/image20_scheldemonitor_data_download_justificatio
n.png Graphic file (type png)
<use ./images_manual_rstudio/image20_scheldemonitor_data_download_justification
.png>
Package pdftex.def Info: ./images_manual_rstudio/image20_scheldemonitor_data_do
wnload_justification.png  used on input line 1489.
(pdftex.def)             Requested size: 375.21799pt x 315.59265pt.
[28 <./images_manual_rstudio/image19_scheldemonitor_login.png> <./images_manual
_rstudio/image20_scheldemonitor_data_download_justification.png>]
<./images_manual_rstudio/image21a_scheldemonitor_data_download_progress.png, id
=316, 599.841pt x 538.6524pt>
File: ./images_manual_rstudio/image21a_scheldemonitor_data_download_progress.pn
g Graphic file (type png)
<use ./images_manual_rstudio/image21a_scheldemonitor_data_download_progress.png
>
Package pdftex.def Info: ./images_manual_rstudio/image21a_scheldemonitor_data_d
ownload_progress.png  used on input line 1505.
(pdftex.def)             Requested size: 375.81497pt x 337.47884pt.
[29 <./images_manual_rstudio/image21a_scheldemonitor_data_download_progress.png
>]
<./images_manual_rstudio/image22_scheldemonitor_webservice_url.png, id=326, 629
.35126pt x 284.86424pt>
File: ./images_manual_rstudio/image22_scheldemonitor_webservice_url.png Graphic
 file (type png)
<use ./images_manual_rstudio/image22_scheldemonitor_webservice_url.png>
Package pdftex.def Info: ./images_manual_rstudio/image22_scheldemonitor_webserv
ice_url.png  used on input line 1573.
(pdftex.def)             Requested size: 375.80827pt x 170.10268pt.
[30 <./images_manual_rstudio/image22_scheldemonitor_webservice_url.png>]
<./images_manual_GitHub/VLIZ_logo_positief.png, id=338, 827.34094pt x 497.60907
pt>
File: ./images_manual_GitHub/VLIZ_logo_positief.png Graphic file (type png)
<use ./images_manual_GitHub/VLIZ_logo_positief.png>
Package pdftex.def Info: ./images_manual_GitHub/VLIZ_logo_positief.png  used on
 input line 1678.
(pdftex.def)             Requested size: 119.9298pt x 72.13248pt.
[31 <./images_manual_GitHub/VLIZ_logo_positief.png>]
File: ./images_manual_GitHub/VLIZ_logo_positief.png Graphic file (type png)
<use ./images_manual_GitHub/VLIZ_logo_positief.png>
Package pdftex.def Info: ./images_manual_GitHub/VLIZ_logo_positief.png  used on
 input line 1720.
(pdftex.def)             Requested size: 119.9298pt x 72.13248pt.
[32] (./handleiding-rstudio.aux)
Package rerunfilecheck Info: File `handleiding-rstudio.out' has not changed.
(rerunfilecheck)             Checksum: F390870CF44D099A0CAB4A8D0DC5C63F;2327.
 ) 
Here is how much of TeX's memory you used:
 13253 strings out of 480502
 218716 string characters out of 5899348
 509475 words of memory out of 5000000
 30480 multiletter control sequences out of 15000+600000
 454673 words of font info for 71 fonts, out of 8000000 for 9000
 14 hyphenation exceptions out of 8191
 60i,9n,66p,560b,498s stack positions out of 5000i,500n,10000p,200000b,80000s
pdfTeX warning (dest): name{data_gebruiken_van_generic_webservices} has been 
referenced but does not exist, replaced by a fixed one

pdfTeX warning (dest): name{data_gebruiken_van_gedownloade_databestanden} has b
een referenced but does not exist, replaced by a fixed one

pdfTeX warning (dest): name{directory_structuur} has been referenced but does n
ot exist, replaced by a fixed one

pdfTeX warning (dest): name{naming_conventions} has been referenced but does no
t exist, replaced by a fixed one

pdfTeX warning (dest): name{script_aantekeningen} has been referenced but does 
not exist, replaced by a fixed one

pdfTeX warning (dest): name{script_structuur} has been referenced but does not 
exist, replaced by a fixed one

pdfTeX warning (dest): name{verbinding_maken_met_de_rstudio_omgeving_van_scheld
emonitor} has been referenced but does not exist, replaced by a fixed one

{/data/home/innovauth/jeller@vliz.be/.TinyTeX/texmf-dist/fonts/enc/dvips/lm/lm-
ec.enc}{/data/home/innovauth/jeller@vliz.be/.TinyTeX/texmf-dist/fonts/enc/dvips
/lm/lm-ts1.enc}</data/home/innovauth/jeller@vliz.be/.TinyTeX/texmf-dist/fonts/t
ype1/public/lm/lmss10.pfb></data/home/innovauth/jeller@vliz.be/.TinyTeX/texmf-d
ist/fonts/type1/public/lm/lmss12.pfb></data/home/innovauth/jeller@vliz.be/.Tiny
TeX/texmf-dist/fonts/type1/public/lm/lmss17.pfb></data/home/innovauth/jeller@vl
iz.be/.TinyTeX/texmf-dist/fonts/type1/public/lm/lmssbx10.pfb></data/home/innova
uth/jeller@vliz.be/.TinyTeX/texmf-dist/fonts/type1/public/lm/lmsso10.pfb></data
/home/innovauth/jeller@vliz.be/.TinyTeX/texmf-dist/fonts/type1/public/lm/lmtt10
.pfb>
Output written on handleiding-rstudio.pdf (32 pages, 15170699 bytes).
PDF statistics:
 414 PDF objects out of 1000 (max. 8388607)
 322 compressed objects within 4 object streams
 127 named destinations out of 1000 (max. 500000)
 266 words of extra memory for PDF output out of 10000 (max. 10000000)

